2021-01-25 23:32:55.412 [restartedMain] INFO  com.li.daily.DailyApplication - Starting DailyApplication on DESKTOP-IFRBL79 with PID 7304 (E:\daily\target\classes started by 39781 in E:\daily)   []
2021-01-25 23:32:55.415 [restartedMain] INFO  com.li.daily.DailyApplication - No active profile set, falling back to default profiles: default   []
2021-01-25 23:32:55.505 [restartedMain] INFO  o.s.b.d.env.DevToolsPropertyDefaultsPostProcessor - Devtools property defaults active! Set 'spring.devtools.add-properties' to 'false' to disable   []
2021-01-25 23:32:55.506 [restartedMain] INFO  o.s.b.d.env.DevToolsPropertyDefaultsPostProcessor - For additional web related logging consider setting the 'logging.level.web' property to 'DEBUG'   []
2021-01-25 23:32:56.393 [restartedMain] INFO  o.s.boot.web.embedded.tomcat.TomcatWebServer - Tomcat initialized with port(s): 8080 (http)   []
2021-01-25 23:32:56.401 [restartedMain] INFO  org.apache.coyote.http11.Http11NioProtocol - Initializing ProtocolHandler ["http-nio-8080"]   []
2021-01-25 23:32:56.402 [restartedMain] INFO  org.apache.catalina.core.StandardService - Starting service [Tomcat]   []
2021-01-25 23:32:56.402 [restartedMain] INFO  org.apache.catalina.core.StandardEngine - Starting Servlet engine: [Apache Tomcat/9.0.29]   []
2021-01-25 23:32:56.484 [restartedMain] INFO  o.a.c.core.ContainerBase.[Tomcat].[localhost].[/] - Initializing Spring embedded WebApplicationContext   []
2021-01-25 23:32:56.484 [restartedMain] INFO  org.springframework.web.context.ContextLoader - Root WebApplicationContext: initialization completed in 978 ms   []
2021-01-25 23:32:56.651 [restartedMain] INFO  o.s.scheduling.concurrent.ThreadPoolTaskExecutor - Initializing ExecutorService 'applicationTaskExecutor'   []
2021-01-25 23:32:56.773 [restartedMain] INFO  o.s.b.d.autoconfigure.OptionalLiveReloadServer - LiveReload server is running on port 35729   []
2021-01-25 23:32:56.790 [restartedMain] INFO  org.apache.coyote.http11.Http11NioProtocol - Starting ProtocolHandler ["http-nio-8080"]   []
2021-01-25 23:32:56.809 [restartedMain] INFO  o.s.boot.web.embedded.tomcat.TomcatWebServer - Tomcat started on port(s): 8080 (http) with context path ''   []
2021-01-25 23:32:56.811 [restartedMain] INFO  com.li.daily.DailyApplication - Started DailyApplication in 1.9 seconds (JVM running for 3.891)   []
2021-01-25 23:33:05.447 [http-nio-8080-exec-1] INFO  o.a.c.core.ContainerBase.[Tomcat].[localhost].[/] - Initializing Spring DispatcherServlet 'dispatcherServlet'   []
2021-01-25 23:33:05.448 [http-nio-8080-exec-1] INFO  org.springframework.web.servlet.DispatcherServlet - Initializing Servlet 'dispatcherServlet'   []
2021-01-25 23:33:05.452 [http-nio-8080-exec-1] INFO  org.springframework.web.servlet.DispatcherServlet - Completed initialization in 4 ms   []
2021-01-25 23:33:05.469 [http-nio-8080-exec-1] INFO  com.li.daily.Controller.LoggerController - testController   []
2021-01-25 23:33:24.722 [http-nio-8080-exec-3] INFO  com.li.daily.Controller.LoggerController - testController   []
2021-01-25 23:33:59.076 [SpringContextShutdownHook] INFO  o.s.scheduling.concurrent.ThreadPoolTaskExecutor - Shutting down ExecutorService 'applicationTaskExecutor'   []
2021-01-25 23:34:04.722 [restartedMain] INFO  com.li.daily.DailyApplication - Starting DailyApplication on DESKTOP-IFRBL79 with PID 6864 (E:\daily\target\classes started by 39781 in E:\daily)   []
2021-01-25 23:34:04.726 [restartedMain] INFO  com.li.daily.DailyApplication - No active profile set, falling back to default profiles: default   []
2021-01-25 23:34:04.790 [restartedMain] INFO  o.s.b.d.env.DevToolsPropertyDefaultsPostProcessor - Devtools property defaults active! Set 'spring.devtools.add-properties' to 'false' to disable   []
2021-01-25 23:34:04.790 [restartedMain] INFO  o.s.b.d.env.DevToolsPropertyDefaultsPostProcessor - For additional web related logging consider setting the 'logging.level.web' property to 'DEBUG'   []
2021-01-25 23:34:05.605 [restartedMain] INFO  o.s.boot.web.embedded.tomcat.TomcatWebServer - Tomcat initialized with port(s): 8080 (http)   []
2021-01-25 23:34:05.612 [restartedMain] INFO  org.apache.coyote.http11.Http11NioProtocol - Initializing ProtocolHandler ["http-nio-8080"]   []
2021-01-25 23:34:05.612 [restartedMain] INFO  org.apache.catalina.core.StandardService - Starting service [Tomcat]   []
2021-01-25 23:34:05.613 [restartedMain] INFO  org.apache.catalina.core.StandardEngine - Starting Servlet engine: [Apache Tomcat/9.0.29]   []
2021-01-25 23:34:05.683 [restartedMain] INFO  o.a.c.core.ContainerBase.[Tomcat].[localhost].[/] - Initializing Spring embedded WebApplicationContext   []
2021-01-25 23:34:05.683 [restartedMain] INFO  org.springframework.web.context.ContextLoader - Root WebApplicationContext: initialization completed in 892 ms   []
2021-01-25 23:34:05.810 [restartedMain] INFO  o.s.scheduling.concurrent.ThreadPoolTaskExecutor - Initializing ExecutorService 'applicationTaskExecutor'   []
2021-01-25 23:34:05.910 [restartedMain] INFO  o.s.b.d.autoconfigure.OptionalLiveReloadServer - LiveReload server is running on port 35729   []
2021-01-25 23:34:05.924 [restartedMain] INFO  org.apache.coyote.http11.Http11NioProtocol - Starting ProtocolHandler ["http-nio-8080"]   []
2021-01-25 23:34:05.944 [restartedMain] INFO  o.s.boot.web.embedded.tomcat.TomcatWebServer - Tomcat started on port(s): 8080 (http) with context path ''   []
2021-01-25 23:34:05.947 [restartedMain] INFO  com.li.daily.DailyApplication - Started DailyApplication in 1.654 seconds (JVM running for 2.554)   []
2021-01-25 23:34:15.528 [http-nio-8080-exec-1] INFO  o.a.c.core.ContainerBase.[Tomcat].[localhost].[/] - Initializing Spring DispatcherServlet 'dispatcherServlet'   []
2021-01-25 23:34:15.528 [http-nio-8080-exec-1] INFO  org.springframework.web.servlet.DispatcherServlet - Initializing Servlet 'dispatcherServlet'   []
2021-01-25 23:34:15.532 [http-nio-8080-exec-1] INFO  org.springframework.web.servlet.DispatcherServlet - Completed initialization in 4 ms   []
2021-01-25 23:34:15.547 [http-nio-8080-exec-1] INFO  com.li.daily.Controller.LoggerController - test Controller  ddd   []
2021-01-25 23:51:31.065 [SpringContextShutdownHook] INFO  o.s.scheduling.concurrent.ThreadPoolTaskExecutor - Shutting down ExecutorService 'applicationTaskExecutor'   []
2021-01-25 23:51:35.288 [restartedMain] INFO  com.li.daily.DailyApplication - Starting DailyApplication on DESKTOP-IFRBL79 with PID 900 (E:\daily\target\classes started by 39781 in E:\daily)   []
2021-01-25 23:51:35.291 [restartedMain] INFO  com.li.daily.DailyApplication - No active profile set, falling back to default profiles: default   []
2021-01-25 23:51:35.352 [restartedMain] INFO  o.s.b.d.env.DevToolsPropertyDefaultsPostProcessor - Devtools property defaults active! Set 'spring.devtools.add-properties' to 'false' to disable   []
2021-01-25 23:51:35.352 [restartedMain] INFO  o.s.b.d.env.DevToolsPropertyDefaultsPostProcessor - For additional web related logging consider setting the 'logging.level.web' property to 'DEBUG'   []
2021-01-25 23:51:35.998 [restartedMain] INFO  o.s.boot.web.embedded.tomcat.TomcatWebServer - Tomcat initialized with port(s): 8080 (http)   []
2021-01-25 23:51:36.005 [restartedMain] INFO  org.apache.coyote.http11.Http11NioProtocol - Initializing ProtocolHandler ["http-nio-8080"]   []
2021-01-25 23:51:36.005 [restartedMain] INFO  org.apache.catalina.core.StandardService - Starting service [Tomcat]   []
2021-01-25 23:51:36.005 [restartedMain] INFO  org.apache.catalina.core.StandardEngine - Starting Servlet engine: [Apache Tomcat/9.0.29]   []
2021-01-25 23:51:36.078 [restartedMain] INFO  o.a.c.core.ContainerBase.[Tomcat].[localhost].[/] - Initializing Spring embedded WebApplicationContext   []
2021-01-25 23:51:36.078 [restartedMain] INFO  org.springframework.web.context.ContextLoader - Root WebApplicationContext: initialization completed in 726 ms   []
2021-01-25 23:51:36.201 [restartedMain] INFO  o.s.scheduling.concurrent.ThreadPoolTaskExecutor - Initializing ExecutorService 'applicationTaskExecutor'   []
2021-01-25 23:51:36.297 [restartedMain] INFO  o.s.b.d.autoconfigure.OptionalLiveReloadServer - LiveReload server is running on port 35729   []
2021-01-25 23:51:36.311 [restartedMain] INFO  org.apache.coyote.http11.Http11NioProtocol - Starting ProtocolHandler ["http-nio-8080"]   []
2021-01-25 23:51:36.329 [restartedMain] INFO  o.s.boot.web.embedded.tomcat.TomcatWebServer - Tomcat started on port(s): 8080 (http) with context path ''   []
2021-01-25 23:51:36.332 [restartedMain] INFO  com.li.daily.DailyApplication - Started DailyApplication in 1.422 seconds (JVM running for 2.255)   []
2021-01-25 23:51:41.877 [http-nio-8080-exec-2] INFO  o.a.c.core.ContainerBase.[Tomcat].[localhost].[/] - Initializing Spring DispatcherServlet 'dispatcherServlet'   []
2021-01-25 23:51:41.877 [http-nio-8080-exec-2] INFO  org.springframework.web.servlet.DispatcherServlet - Initializing Servlet 'dispatcherServlet'   []
2021-01-25 23:51:41.881 [http-nio-8080-exec-2] INFO  org.springframework.web.servlet.DispatcherServlet - Completed initialization in 4 ms   []
2021-01-25 23:54:22.397 [SpringContextShutdownHook] INFO  o.s.scheduling.concurrent.ThreadPoolTaskExecutor - Shutting down ExecutorService 'applicationTaskExecutor'   []
2021-01-25 23:54:35.019 [restartedMain] INFO  com.li.daily.DailyApplication - Starting DailyApplication on DESKTOP-IFRBL79 with PID 13736 (E:\daily\target\classes started by 39781 in E:\daily)   []
2021-01-25 23:54:35.022 [restartedMain] INFO  com.li.daily.DailyApplication - No active profile set, falling back to default profiles: default   []
2021-01-25 23:54:35.084 [restartedMain] INFO  o.s.b.d.env.DevToolsPropertyDefaultsPostProcessor - Devtools property defaults active! Set 'spring.devtools.add-properties' to 'false' to disable   []
2021-01-25 23:54:35.085 [restartedMain] INFO  o.s.b.d.env.DevToolsPropertyDefaultsPostProcessor - For additional web related logging consider setting the 'logging.level.web' property to 'DEBUG'   []
2021-01-25 23:54:35.774 [restartedMain] INFO  o.s.boot.web.embedded.tomcat.TomcatWebServer - Tomcat initialized with port(s): 8080 (http)   []
2021-01-25 23:54:35.781 [restartedMain] INFO  org.apache.coyote.http11.Http11NioProtocol - Initializing ProtocolHandler ["http-nio-8080"]   []
2021-01-25 23:54:35.782 [restartedMain] INFO  org.apache.catalina.core.StandardService - Starting service [Tomcat]   []
2021-01-25 23:54:35.782 [restartedMain] INFO  org.apache.catalina.core.StandardEngine - Starting Servlet engine: [Apache Tomcat/9.0.29]   []
2021-01-25 23:54:35.851 [restartedMain] INFO  o.a.c.core.ContainerBase.[Tomcat].[localhost].[/] - Initializing Spring embedded WebApplicationContext   []
2021-01-25 23:54:35.851 [restartedMain] INFO  org.springframework.web.context.ContextLoader - Root WebApplicationContext: initialization completed in 766 ms   []
2021-01-25 23:54:35.980 [restartedMain] INFO  o.s.scheduling.concurrent.ThreadPoolTaskExecutor - Initializing ExecutorService 'applicationTaskExecutor'   []
2021-01-25 23:54:36.092 [restartedMain] INFO  o.s.b.d.autoconfigure.OptionalLiveReloadServer - LiveReload server is running on port 35729   []
2021-01-25 23:54:36.107 [restartedMain] INFO  org.apache.coyote.http11.Http11NioProtocol - Starting ProtocolHandler ["http-nio-8080"]   []
2021-01-25 23:54:36.125 [restartedMain] INFO  o.s.boot.web.embedded.tomcat.TomcatWebServer - Tomcat started on port(s): 8080 (http) with context path ''   []
2021-01-25 23:54:36.128 [restartedMain] INFO  com.li.daily.DailyApplication - Started DailyApplication in 1.532 seconds (JVM running for 2.357)   []
2021-01-25 23:54:39.271 [http-nio-8080-exec-2] INFO  o.a.c.core.ContainerBase.[Tomcat].[localhost].[/] - Initializing Spring DispatcherServlet 'dispatcherServlet'   []
2021-01-25 23:54:39.271 [http-nio-8080-exec-2] INFO  org.springframework.web.servlet.DispatcherServlet - Initializing Servlet 'dispatcherServlet'   []
2021-01-25 23:54:39.275 [http-nio-8080-exec-2] INFO  org.springframework.web.servlet.DispatcherServlet - Completed initialization in 4 ms   []
2021-01-25 23:55:00.230 [SpringContextShutdownHook] INFO  o.s.scheduling.concurrent.ThreadPoolTaskExecutor - Shutting down ExecutorService 'applicationTaskExecutor'   []
2021-01-25 23:55:08.496 [restartedMain] INFO  com.li.daily.DailyApplication - Starting DailyApplication on DESKTOP-IFRBL79 with PID 14376 (E:\daily\target\classes started by 39781 in E:\daily)   []
2021-01-25 23:55:08.499 [restartedMain] INFO  com.li.daily.DailyApplication - No active profile set, falling back to default profiles: default   []
2021-01-25 23:55:08.567 [restartedMain] INFO  o.s.b.d.env.DevToolsPropertyDefaultsPostProcessor - Devtools property defaults active! Set 'spring.devtools.add-properties' to 'false' to disable   []
2021-01-25 23:55:08.567 [restartedMain] INFO  o.s.b.d.env.DevToolsPropertyDefaultsPostProcessor - For additional web related logging consider setting the 'logging.level.web' property to 'DEBUG'   []
2021-01-25 23:55:09.250 [restartedMain] INFO  o.s.boot.web.embedded.tomcat.TomcatWebServer - Tomcat initialized with port(s): 8080 (http)   []
2021-01-25 23:55:09.257 [restartedMain] INFO  org.apache.coyote.http11.Http11NioProtocol - Initializing ProtocolHandler ["http-nio-8080"]   []
2021-01-25 23:55:09.257 [restartedMain] INFO  org.apache.catalina.core.StandardService - Starting service [Tomcat]   []
2021-01-25 23:55:09.258 [restartedMain] INFO  org.apache.catalina.core.StandardEngine - Starting Servlet engine: [Apache Tomcat/9.0.29]   []
2021-01-25 23:55:09.328 [restartedMain] INFO  o.a.c.core.ContainerBase.[Tomcat].[localhost].[/] - Initializing Spring embedded WebApplicationContext   []
2021-01-25 23:55:09.328 [restartedMain] INFO  org.springframework.web.context.ContextLoader - Root WebApplicationContext: initialization completed in 761 ms   []
2021-01-25 23:55:09.463 [restartedMain] INFO  o.s.scheduling.concurrent.ThreadPoolTaskExecutor - Initializing ExecutorService 'applicationTaskExecutor'   []
2021-01-25 23:55:09.580 [restartedMain] INFO  o.s.b.d.autoconfigure.OptionalLiveReloadServer - LiveReload server is running on port 35729   []
2021-01-25 23:55:09.595 [restartedMain] INFO  org.apache.coyote.http11.Http11NioProtocol - Starting ProtocolHandler ["http-nio-8080"]   []
2021-01-25 23:55:09.614 [restartedMain] INFO  o.s.boot.web.embedded.tomcat.TomcatWebServer - Tomcat started on port(s): 8080 (http) with context path ''   []
2021-01-25 23:55:09.616 [restartedMain] INFO  com.li.daily.DailyApplication - Started DailyApplication in 1.538 seconds (JVM running for 2.396)   []
2021-01-25 23:55:13.962 [http-nio-8080-exec-1] INFO  o.a.c.core.ContainerBase.[Tomcat].[localhost].[/] - Initializing Spring DispatcherServlet 'dispatcherServlet'   []
2021-01-25 23:55:13.962 [http-nio-8080-exec-1] INFO  org.springframework.web.servlet.DispatcherServlet - Initializing Servlet 'dispatcherServlet'   []
2021-01-25 23:55:13.966 [http-nio-8080-exec-1] INFO  org.springframework.web.servlet.DispatcherServlet - Completed initialization in 4 ms   []
